<?xml version="1.0" encoding="UTF-8"?>
<!-- Generated by org.testng.reporters.JUnitXMLReporter -->
<testsuite hostname="Server1" name="IETest" tests="2" failures="0" timestamp="20 Sep 2015 09:16:20 GMT" time="21.257" errors="0">
  <testcase name="@BeforeMethod preConditions" time="0.0" classname="lalit.testScripts.LoginLogoutTest">
    <failure type="org.openqa.selenium.remote.UnreachableBrowserException" message="Could not start a new session. Possible causes are invalid address of the remote server or browser start-up failure.
Build info: version: &amp;apos;2.45.0&amp;apos;, revision: &amp;apos;32a636c&amp;apos;, time: &amp;apos;2015-03-05 22:01:35&amp;apos;
System info: host: &amp;apos;Server1&amp;apos;, ip: &amp;apos;10.22.49.148&amp;apos;, os.name: &amp;apos;Windows 8.1&amp;apos;, os.arch: &amp;apos;amd64&amp;apos;, os.version: &amp;apos;6.3&amp;apos;, java.version: &amp;apos;1.7.0_55&amp;apos;
Driver info: driver.version: ChromeDriver">
      <![CDATA[org.openqa.selenium.remote.UnreachableBrowserException: Could not start a new session. Possible causes are invalid address of the remote server or browser start-up failure.
Build info: version: '2.45.0', revision: '32a636c', time: '2015-03-05 22:01:35'
System info: host: 'Server1', ip: '10.22.49.148', os.name: 'Windows 8.1', os.arch: 'amd64', os.version: '6.3', java.version: '1.7.0_55'
Driver info: driver.version: ChromeDriver
	at org.openqa.selenium.remote.RemoteWebDriver.execute(RemoteWebDriver.java:593)
	at org.openqa.selenium.remote.RemoteWebDriver.startSession(RemoteWebDriver.java:240)
	at org.openqa.selenium.remote.RemoteWebDriver.<init>(RemoteWebDriver.java:126)
	at org.openqa.selenium.remote.RemoteWebDriver.<init>(RemoteWebDriver.java:139)
	at org.openqa.selenium.chrome.ChromeDriver.<init>(ChromeDriver.java:171)
	at org.openqa.selenium.chrome.ChromeDriver.<init>(ChromeDriver.java:160)
	at org.openqa.selenium.chrome.ChromeDriver.<init>(ChromeDriver.java:117)
	at lalit.testScripts.SuperTestNG.preConditions(SuperTestNG.java:24)
	at java.util.concurrent.FutureTask.run(FutureTask.java:262)
	at java.util.concurrent.ThreadPoolExecutor.runWorker(ThreadPoolExecutor.java:1145)
	at java.util.concurrent.ThreadPoolExecutor$Worker.run(ThreadPoolExecutor.java:615)
	at java.lang.Thread.run(Thread.java:745)
Caused by: java.lang.IllegalStateException: The process has not exited yet therefore no result is available ...
	at org.apache.commons.exec.DefaultExecuteResultHandler.getException(DefaultExecuteResultHandler.java:74)
	at org.openqa.selenium.os.UnixProcess.checkForError(UnixProcess.java:165)
	at org.openqa.selenium.os.CommandLine.checkForError(CommandLine.java:183)
	at org.openqa.selenium.remote.service.DriverService.start(DriverService.java:170)
	at org.openqa.selenium.remote.service.DriverCommandExecutor.execute(DriverCommandExecutor.java:62)
	at org.openqa.selenium.remote.RemoteWebDriver.execute(RemoteWebDriver.java:572)
	... 29 more
... Removed 18 stack frames]]>
    </failure>
  </testcase> <!-- @BeforeMethod preConditions -->
  <testcase name="@AfterMethod postConditions" time="0.0" classname="lalit.testScripts.LoginLogoutTest">
    <skipped/>
  </testcase> <!-- @AfterMethod postConditions -->
  <testcase name="@BeforeMethod preConditions" time="0.0" classname="lalit.testScripts.AddnewBillingTypeTest">
    <skipped/>
  </testcase> <!-- @BeforeMethod preConditions -->
  <testcase name="@AfterMethod postConditions" time="0.0" classname="lalit.testScripts.AddnewBillingTypeTest">
    <skipped/>
  </testcase> <!-- @AfterMethod postConditions -->
  <testcase name="testLoginLogout" time="0.0" classname="lalit.testScripts.LoginLogoutTest">
    <skipped/>
  </testcase> <!-- testLoginLogout -->
  <testcase name="verifySuccessfullyAddingBillingType" time="0.0" classname="lalit.testScripts.AddnewBillingTypeTest">
    <skipped/>
  </testcase> <!-- verifySuccessfullyAddingBillingType -->
</testsuite> <!-- IETest -->
